 ACCALL - Accessibility calculations
 MAX RESIDUES     5000
 MAX ATOMS/RES     100
 PDB FILE INPUT /Users/inessantos/biophysic/project/B.pdb
 PROBE SIZE       1.40
 Z-SLICE WIDTH   0.050
 VDW RADII FILE vdw.radii
 EXCL HETATOMS
 EXCL HYDROGENS
 EXCL WATERS
 READVDW  32 residues input
 UNKNOWN residue type.............> CYX E 336 
 NON-STANDARD atom.| N  | in residue> CYX E 336 
 ASSUMED vdw of  N   in CYX E 336  =  1.65 (same as ALA)
 NON-STANDARD atom.| CA | in residue> CYX E 336 
 ASSUMED vdw of  CA  in CYX E 336  =  1.87 (same as ALA)
 NON-STANDARD atom.| C  | in residue> CYX E 336 
 ASSUMED vdw of  C   in CYX E 336  =  1.76 (same as ALA)
 NON-STANDARD atom.| O  | in residue> CYX E 336 
 ASSUMED vdw of  O   in CYX E 336  =  1.40 (same as ALA)
 NON-STANDARD atom.| CB | in residue> CYX E 336 
 ASSUMED vdw of  CB  in CYX E 336  =  1.87 (same as ALA)
 NON-STANDARD atom.| SG | in residue> CYX E 336 
 ASSUMED vdw of  SG  in CYX E 336  =  1.85 (same as CYS)
 UNKNOWN residue type.............> CYX E 361 
 NON-STANDARD atom.| N  | in residue> CYX E 361 
 ASSUMED vdw of  N   in CYX E 361  =  1.65 (same as ALA)
 NON-STANDARD atom.| CA | in residue> CYX E 361 
 ASSUMED vdw of  CA  in CYX E 361  =  1.87 (same as ALA)
 NON-STANDARD atom.| C  | in residue> CYX E 361 
 ASSUMED vdw of  C   in CYX E 361  =  1.76 (same as ALA)
 NON-STANDARD atom.| O  | in residue> CYX E 361 
 ASSUMED vdw of  O   in CYX E 361  =  1.40 (same as ALA)
 NON-STANDARD atom.| CB | in residue> CYX E 361 
 ASSUMED vdw of  CB  in CYX E 361  =  1.87 (same as ALA)
 NON-STANDARD atom.| SG | in residue> CYX E 361 
 ASSUMED vdw of  SG  in CYX E 361  =  1.85 (same as CYS)
 UNKNOWN residue type.............> CYX E 379 
 NON-STANDARD atom.| N  | in residue> CYX E 379 
 ASSUMED vdw of  N   in CYX E 379  =  1.65 (same as ALA)
 NON-STANDARD atom.| CA | in residue> CYX E 379 
 ASSUMED vdw of  CA  in CYX E 379  =  1.87 (same as ALA)
 NON-STANDARD atom.| C  | in residue> CYX E 379 
 ASSUMED vdw of  C   in CYX E 379  =  1.76 (same as ALA)
 NON-STANDARD atom.| O  | in residue> CYX E 379 
 ASSUMED vdw of  O   in CYX E 379  =  1.40 (same as ALA)
 NON-STANDARD atom.| CB | in residue> CYX E 379 
 ASSUMED vdw of  CB  in CYX E 379  =  1.87 (same as ALA)
 NON-STANDARD atom.| SG | in residue> CYX E 379 
 ASSUMED vdw of  SG  in CYX E 379  =  1.85 (same as CYS)
 UNKNOWN residue type.............> CYX E 391 
 NON-STANDARD atom.| N  | in residue> CYX E 391 
 ASSUMED vdw of  N   in CYX E 391  =  1.65 (same as ALA)
 NON-STANDARD atom.| CA | in residue> CYX E 391 
 ASSUMED vdw of  CA  in CYX E 391  =  1.87 (same as ALA)
 NON-STANDARD atom.| C  | in residue> CYX E 391 
 ASSUMED vdw of  C   in CYX E 391  =  1.76 (same as ALA)
 NON-STANDARD atom.| O  | in residue> CYX E 391 
 ASSUMED vdw of  O   in CYX E 391  =  1.40 (same as ALA)
 NON-STANDARD atom.| CB | in residue> CYX E 391 
 ASSUMED vdw of  CB  in CYX E 391  =  1.87 (same as ALA)
 NON-STANDARD atom.| SG | in residue> CYX E 391 
 ASSUMED vdw of  SG  in CYX E 391  =  1.85 (same as CYS)
 UNKNOWN residue type.............> CYX E 432 
 NON-STANDARD atom.| N  | in residue> CYX E 432 
 ASSUMED vdw of  N   in CYX E 432  =  1.65 (same as ALA)
 NON-STANDARD atom.| CA | in residue> CYX E 432 
 ASSUMED vdw of  CA  in CYX E 432  =  1.87 (same as ALA)
 NON-STANDARD atom.| C  | in residue> CYX E 432 
 ASSUMED vdw of  C   in CYX E 432  =  1.76 (same as ALA)
 NON-STANDARD atom.| O  | in residue> CYX E 432 
 ASSUMED vdw of  O   in CYX E 432  =  1.40 (same as ALA)
 NON-STANDARD atom.| CB | in residue> CYX E 432 
 ASSUMED vdw of  CB  in CYX E 432  =  1.87 (same as ALA)
 NON-STANDARD atom.| SG | in residue> CYX E 432 
 ASSUMED vdw of  SG  in CYX E 432  =  1.85 (same as CYS)
 UNKNOWN residue type.............> CYX E 480 
 NON-STANDARD atom.| N  | in residue> CYX E 480 
 ASSUMED vdw of  N   in CYX E 480  =  1.65 (same as ALA)
 NON-STANDARD atom.| CA | in residue> CYX E 480 
 ASSUMED vdw of  CA  in CYX E 480  =  1.87 (same as ALA)
 NON-STANDARD atom.| C  | in residue> CYX E 480 
 ASSUMED vdw of  C   in CYX E 480  =  1.76 (same as ALA)
 NON-STANDARD atom.| O  | in residue> CYX E 480 
 ASSUMED vdw of  O   in CYX E 480  =  1.40 (same as ALA)
 NON-STANDARD atom.| CB | in residue> CYX E 480 
 ASSUMED vdw of  CB  in CYX E 480  =  1.87 (same as ALA)
 NON-STANDARD atom.| SG | in residue> CYX E 480 
 ASSUMED vdw of  SG  in CYX E 480  =  1.85 (same as CYS)
 UNKNOWN residue type.............> CYX E 488 
 NON-STANDARD atom.| N  | in residue> CYX E 488 
 ASSUMED vdw of  N   in CYX E 488  =  1.65 (same as ALA)
 NON-STANDARD atom.| CA | in residue> CYX E 488 
 ASSUMED vdw of  CA  in CYX E 488  =  1.87 (same as ALA)
 NON-STANDARD atom.| C  | in residue> CYX E 488 
 ASSUMED vdw of  C   in CYX E 488  =  1.76 (same as ALA)
 NON-STANDARD atom.| O  | in residue> CYX E 488 
 ASSUMED vdw of  O   in CYX E 488  =  1.40 (same as ALA)
 NON-STANDARD atom.| CB | in residue> CYX E 488 
 ASSUMED vdw of  CB  in CYX E 488  =  1.87 (same as ALA)
 NON-STANDARD atom.| SG | in residue> CYX E 488 
 ASSUMED vdw of  SG  in CYX E 488  =  1.85 (same as CYS)
 UNKNOWN residue type.............> HIE E 519 
 NON-STANDARD atom.| N  | in residue> HIE E 519 
 ASSUMED vdw of  N   in HIE E 519  =  1.65 (same as ALA)
 NON-STANDARD atom.| CA | in residue> HIE E 519 
 ASSUMED vdw of  CA  in HIE E 519  =  1.87 (same as ALA)
 NON-STANDARD atom.| C  | in residue> HIE E 519 
 ASSUMED vdw of  C   in HIE E 519  =  1.76 (same as ALA)
 NON-STANDARD atom.| O  | in residue> HIE E 519 
 ASSUMED vdw of  O   in HIE E 519  =  1.40 (same as ALA)
 NON-STANDARD atom.| CB | in residue> HIE E 519 
 ASSUMED vdw of  CB  in HIE E 519  =  1.87 (same as ALA)
 NON-STANDARD atom.| CG | in residue> HIE E 519 
 ASSUMED vdw of  CG  in HIE E 519  =  1.87 (same as ARG)
 NON-STANDARD atom.| CD2| in residue> HIE E 519 
 ASSUMED vdw of  CD2 in HIE E 519  =  1.76 (same as HIS)
 NON-STANDARD atom.| ND1| in residue> HIE E 519 
 ASSUMED vdw of  ND1 in HIE E 519  =  1.65 (same as HIS)
 NON-STANDARD atom.| CE1| in residue> HIE E 519 
 ASSUMED vdw of  CE1 in HIE E 519  =  1.76 (same as HIS)
 NON-STANDARD atom.| NE2| in residue> HIE E 519 
 ASSUMED vdw of  NE2 in HIE E 519  =  1.65 (same as GLN)
 UNKNOWN residue type.............> CYX E 525 
 NON-STANDARD atom.| N  | in residue> CYX E 525 
 ASSUMED vdw of  N   in CYX E 525  =  1.65 (same as ALA)
 NON-STANDARD atom.| CA | in residue> CYX E 525 
 ASSUMED vdw of  CA  in CYX E 525  =  1.87 (same as ALA)
 NON-STANDARD atom.| C  | in residue> CYX E 525 
 ASSUMED vdw of  C   in CYX E 525  =  1.76 (same as ALA)
 NON-STANDARD atom.| O  | in residue> CYX E 525 
 ASSUMED vdw of  O   in CYX E 525  =  1.40 (same as ALA)
 NON-STANDARD atom.| CB | in residue> CYX E 525 
 ASSUMED vdw of  CB  in CYX E 525  =  1.87 (same as ALA)
 NON-STANDARD atom.| SG | in residue> CYX E 525 
 ASSUMED vdw of  SG  in CYX E 525  =  1.85 (same as CYS)
 ADDED VDW RADII
 CHAINS       1
 RESIDUES   194
 ATOMS     1713
 SOLVA: PROGRAM ENDS CORRECTLY
 CALCULATED ATOMIC ACCESSIBILITES
 RELATIVE (STANDARD) ACCESSIBILITIES READFOR  20 AMINO ACIDS
 SUMMED ACCESSIBILITIES OVER RESIDUES
