 ACCALL - Accessibility calculations
 MAX RESIDUES     5000
 MAX ATOMS/RES     100
 PDB FILE INPUT mut_L452R_complex.pdb
 PROBE SIZE       1.40
 Z-SLICE WIDTH   0.050
 VDW RADII FILE /home/said/Desktop/3_Año_Bioinformatica/BP_Biofisica/Project_biofisica/BioPhysics/Energy_analysis_project/NACCESS/NACCESS/vdw.radii
 EXCL HETATOMS
 EXCL HYDROGENS
 EXCL WATERS
 READVDW  32 residues input
 UNKNOWN residue type.............> CYX A 133 
 NON-STANDARD atom.| N  | in residue> CYX A 133 
 ASSUMED vdw of  N   in CYX A 133  =  1.65 (same as ALA)
 NON-STANDARD atom.| CA | in residue> CYX A 133 
 ASSUMED vdw of  CA  in CYX A 133  =  1.87 (same as ALA)
 NON-STANDARD atom.| C  | in residue> CYX A 133 
 ASSUMED vdw of  C   in CYX A 133  =  1.76 (same as ALA)
 NON-STANDARD atom.| O  | in residue> CYX A 133 
 ASSUMED vdw of  O   in CYX A 133  =  1.40 (same as ALA)
 NON-STANDARD atom.| CB | in residue> CYX A 133 
 ASSUMED vdw of  CB  in CYX A 133  =  1.87 (same as ALA)
 NON-STANDARD atom.| SG | in residue> CYX A 133 
 ASSUMED vdw of  SG  in CYX A 133  =  1.85 (same as CYS)
 UNKNOWN residue type.............> CYX A 141 
 NON-STANDARD atom.| N  | in residue> CYX A 141 
 ASSUMED vdw of  N   in CYX A 141  =  1.65 (same as ALA)
 NON-STANDARD atom.| CA | in residue> CYX A 141 
 ASSUMED vdw of  CA  in CYX A 141  =  1.87 (same as ALA)
 NON-STANDARD atom.| C  | in residue> CYX A 141 
 ASSUMED vdw of  C   in CYX A 141  =  1.76 (same as ALA)
 NON-STANDARD atom.| O  | in residue> CYX A 141 
 ASSUMED vdw of  O   in CYX A 141  =  1.40 (same as ALA)
 NON-STANDARD atom.| CB | in residue> CYX A 141 
 ASSUMED vdw of  CB  in CYX A 141  =  1.87 (same as ALA)
 NON-STANDARD atom.| SG | in residue> CYX A 141 
 ASSUMED vdw of  SG  in CYX A 141  =  1.85 (same as CYS)
 UNKNOWN residue type.............> CYX A 344 
 NON-STANDARD atom.| N  | in residue> CYX A 344 
 ASSUMED vdw of  N   in CYX A 344  =  1.65 (same as ALA)
 NON-STANDARD atom.| CA | in residue> CYX A 344 
 ASSUMED vdw of  CA  in CYX A 344  =  1.87 (same as ALA)
 NON-STANDARD atom.| C  | in residue> CYX A 344 
 ASSUMED vdw of  C   in CYX A 344  =  1.76 (same as ALA)
 NON-STANDARD atom.| O  | in residue> CYX A 344 
 ASSUMED vdw of  O   in CYX A 344  =  1.40 (same as ALA)
 NON-STANDARD atom.| CB | in residue> CYX A 344 
 ASSUMED vdw of  CB  in CYX A 344  =  1.87 (same as ALA)
 NON-STANDARD atom.| SG | in residue> CYX A 344 
 ASSUMED vdw of  SG  in CYX A 344  =  1.85 (same as CYS)
 UNKNOWN residue type.............> CYX A 361 
 NON-STANDARD atom.| N  | in residue> CYX A 361 
 ASSUMED vdw of  N   in CYX A 361  =  1.65 (same as ALA)
 NON-STANDARD atom.| CA | in residue> CYX A 361 
 ASSUMED vdw of  CA  in CYX A 361  =  1.87 (same as ALA)
 NON-STANDARD atom.| C  | in residue> CYX A 361 
 ASSUMED vdw of  C   in CYX A 361  =  1.76 (same as ALA)
 NON-STANDARD atom.| O  | in residue> CYX A 361 
 ASSUMED vdw of  O   in CYX A 361  =  1.40 (same as ALA)
 NON-STANDARD atom.| CB | in residue> CYX A 361 
 ASSUMED vdw of  CB  in CYX A 361  =  1.87 (same as ALA)
 NON-STANDARD atom.| SG | in residue> CYX A 361 
 ASSUMED vdw of  SG  in CYX A 361  =  1.85 (same as CYS)
 UNKNOWN residue type.............> CYX A 530 
 NON-STANDARD atom.| N  | in residue> CYX A 530 
 ASSUMED vdw of  N   in CYX A 530  =  1.65 (same as ALA)
 NON-STANDARD atom.| CA | in residue> CYX A 530 
 ASSUMED vdw of  CA  in CYX A 530  =  1.87 (same as ALA)
 NON-STANDARD atom.| C  | in residue> CYX A 530 
 ASSUMED vdw of  C   in CYX A 530  =  1.76 (same as ALA)
 NON-STANDARD atom.| O  | in residue> CYX A 530 
 ASSUMED vdw of  O   in CYX A 530  =  1.40 (same as ALA)
 NON-STANDARD atom.| CB | in residue> CYX A 530 
 ASSUMED vdw of  CB  in CYX A 530  =  1.87 (same as ALA)
 NON-STANDARD atom.| SG | in residue> CYX A 530 
 ASSUMED vdw of  SG  in CYX A 530  =  1.85 (same as CYS)
 UNKNOWN residue type.............> CYX A 542 
 NON-STANDARD atom.| N  | in residue> CYX A 542 
 ASSUMED vdw of  N   in CYX A 542  =  1.65 (same as ALA)
 NON-STANDARD atom.| CA | in residue> CYX A 542 
 ASSUMED vdw of  CA  in CYX A 542  =  1.87 (same as ALA)
 NON-STANDARD atom.| C  | in residue> CYX A 542 
 ASSUMED vdw of  C   in CYX A 542  =  1.76 (same as ALA)
 NON-STANDARD atom.| O  | in residue> CYX A 542 
 ASSUMED vdw of  O   in CYX A 542  =  1.40 (same as ALA)
 NON-STANDARD atom.| CB | in residue> CYX A 542 
 ASSUMED vdw of  CB  in CYX A 542  =  1.87 (same as ALA)
 NON-STANDARD atom.| SG | in residue> CYX A 542 
 ASSUMED vdw of  SG  in CYX A 542  =  1.85 (same as CYS)
 UNKNOWN residue type.............> CYX E 336 
 NON-STANDARD atom.| N  | in residue> CYX E 336 
 ASSUMED vdw of  N   in CYX E 336  =  1.65 (same as ALA)
 NON-STANDARD atom.| CA | in residue> CYX E 336 
 ASSUMED vdw of  CA  in CYX E 336  =  1.87 (same as ALA)
 NON-STANDARD atom.| C  | in residue> CYX E 336 
 ASSUMED vdw of  C   in CYX E 336  =  1.76 (same as ALA)
 NON-STANDARD atom.| O  | in residue> CYX E 336 
 ASSUMED vdw of  O   in CYX E 336  =  1.40 (same as ALA)
 NON-STANDARD atom.| CB | in residue> CYX E 336 
 ASSUMED vdw of  CB  in CYX E 336  =  1.87 (same as ALA)
 NON-STANDARD atom.| SG | in residue> CYX E 336 
 ASSUMED vdw of  SG  in CYX E 336  =  1.85 (same as CYS)
 UNKNOWN residue type.............> CYX E 361 
 NON-STANDARD atom.| N  | in residue> CYX E 361 
 ASSUMED vdw of  N   in CYX E 361  =  1.65 (same as ALA)
 NON-STANDARD atom.| CA | in residue> CYX E 361 
 ASSUMED vdw of  CA  in CYX E 361  =  1.87 (same as ALA)
 NON-STANDARD atom.| C  | in residue> CYX E 361 
 ASSUMED vdw of  C   in CYX E 361  =  1.76 (same as ALA)
 NON-STANDARD atom.| O  | in residue> CYX E 361 
 ASSUMED vdw of  O   in CYX E 361  =  1.40 (same as ALA)
 NON-STANDARD atom.| CB | in residue> CYX E 361 
 ASSUMED vdw of  CB  in CYX E 361  =  1.87 (same as ALA)
 NON-STANDARD atom.| SG | in residue> CYX E 361 
 ASSUMED vdw of  SG  in CYX E 361  =  1.85 (same as CYS)
 UNKNOWN residue type.............> CYX E 379 
 NON-STANDARD atom.| N  | in residue> CYX E 379 
 ASSUMED vdw of  N   in CYX E 379  =  1.65 (same as ALA)
 NON-STANDARD atom.| CA | in residue> CYX E 379 
 ASSUMED vdw of  CA  in CYX E 379  =  1.87 (same as ALA)
 NON-STANDARD atom.| C  | in residue> CYX E 379 
 ASSUMED vdw of  C   in CYX E 379  =  1.76 (same as ALA)
 NON-STANDARD atom.| O  | in residue> CYX E 379 
 ASSUMED vdw of  O   in CYX E 379  =  1.40 (same as ALA)
 NON-STANDARD atom.| CB | in residue> CYX E 379 
 ASSUMED vdw of  CB  in CYX E 379  =  1.87 (same as ALA)
 NON-STANDARD atom.| SG | in residue> CYX E 379 
 ASSUMED vdw of  SG  in CYX E 379  =  1.85 (same as CYS)
 UNKNOWN residue type.............> CYX E 391 
 NON-STANDARD atom.| N  | in residue> CYX E 391 
 ASSUMED vdw of  N   in CYX E 391  =  1.65 (same as ALA)
 NON-STANDARD atom.| CA | in residue> CYX E 391 
 ASSUMED vdw of  CA  in CYX E 391  =  1.87 (same as ALA)
 NON-STANDARD atom.| C  | in residue> CYX E 391 
 ASSUMED vdw of  C   in CYX E 391  =  1.76 (same as ALA)
 NON-STANDARD atom.| O  | in residue> CYX E 391 
 ASSUMED vdw of  O   in CYX E 391  =  1.40 (same as ALA)
 NON-STANDARD atom.| CB | in residue> CYX E 391 
 ASSUMED vdw of  CB  in CYX E 391  =  1.87 (same as ALA)
 NON-STANDARD atom.| SG | in residue> CYX E 391 
 ASSUMED vdw of  SG  in CYX E 391  =  1.85 (same as CYS)
 UNKNOWN residue type.............> CYX E 432 
 NON-STANDARD atom.| N  | in residue> CYX E 432 
 ASSUMED vdw of  N   in CYX E 432  =  1.65 (same as ALA)
 NON-STANDARD atom.| CA | in residue> CYX E 432 
 ASSUMED vdw of  CA  in CYX E 432  =  1.87 (same as ALA)
 NON-STANDARD atom.| C  | in residue> CYX E 432 
 ASSUMED vdw of  C   in CYX E 432  =  1.76 (same as ALA)
 NON-STANDARD atom.| O  | in residue> CYX E 432 
 ASSUMED vdw of  O   in CYX E 432  =  1.40 (same as ALA)
 NON-STANDARD atom.| CB | in residue> CYX E 432 
 ASSUMED vdw of  CB  in CYX E 432  =  1.87 (same as ALA)
 NON-STANDARD atom.| SG | in residue> CYX E 432 
 ASSUMED vdw of  SG  in CYX E 432  =  1.85 (same as CYS)
 UNKNOWN residue type.............> CYX E 480 
 NON-STANDARD atom.| N  | in residue> CYX E 480 
 ASSUMED vdw of  N   in CYX E 480  =  1.65 (same as ALA)
 NON-STANDARD atom.| CA | in residue> CYX E 480 
 ASSUMED vdw of  CA  in CYX E 480  =  1.87 (same as ALA)
 NON-STANDARD atom.| C  | in residue> CYX E 480 
 ASSUMED vdw of  C   in CYX E 480  =  1.76 (same as ALA)
 NON-STANDARD atom.| O  | in residue> CYX E 480 
 ASSUMED vdw of  O   in CYX E 480  =  1.40 (same as ALA)
 NON-STANDARD atom.| CB | in residue> CYX E 480 
 ASSUMED vdw of  CB  in CYX E 480  =  1.87 (same as ALA)
 NON-STANDARD atom.| SG | in residue> CYX E 480 
 ASSUMED vdw of  SG  in CYX E 480  =  1.85 (same as CYS)
 UNKNOWN residue type.............> CYX E 488 
 NON-STANDARD atom.| N  | in residue> CYX E 488 
 ASSUMED vdw of  N   in CYX E 488  =  1.65 (same as ALA)
 NON-STANDARD atom.| CA | in residue> CYX E 488 
 ASSUMED vdw of  CA  in CYX E 488  =  1.87 (same as ALA)
 NON-STANDARD atom.| C  | in residue> CYX E 488 
 ASSUMED vdw of  C   in CYX E 488  =  1.76 (same as ALA)
 NON-STANDARD atom.| O  | in residue> CYX E 488 
 ASSUMED vdw of  O   in CYX E 488  =  1.40 (same as ALA)
 NON-STANDARD atom.| CB | in residue> CYX E 488 
 ASSUMED vdw of  CB  in CYX E 488  =  1.87 (same as ALA)
 NON-STANDARD atom.| SG | in residue> CYX E 488 
 ASSUMED vdw of  SG  in CYX E 488  =  1.85 (same as CYS)
 UNKNOWN residue type.............> CYX E 525 
 NON-STANDARD atom.| N  | in residue> CYX E 525 
 ASSUMED vdw of  N   in CYX E 525  =  1.65 (same as ALA)
 NON-STANDARD atom.| CA | in residue> CYX E 525 
 ASSUMED vdw of  CA  in CYX E 525  =  1.87 (same as ALA)
 NON-STANDARD atom.| C  | in residue> CYX E 525 
 ASSUMED vdw of  C   in CYX E 525  =  1.76 (same as ALA)
 NON-STANDARD atom.| O  | in residue> CYX E 525 
 ASSUMED vdw of  O   in CYX E 525  =  1.40 (same as ALA)
 NON-STANDARD atom.| CB | in residue> CYX E 525 
 ASSUMED vdw of  CB  in CYX E 525  =  1.87 (same as ALA)
 NON-STANDARD atom.| SG | in residue> CYX E 525 
 ASSUMED vdw of  SG  in CYX E 525  =  1.85 (same as CYS)
 ADDED VDW RADII
 CHAINS       2
 RESIDUES   791
 ATOMS     6408
 SOLVA: PROGRAM ENDS CORRECTLY
 CALCULATED ATOMIC ACCESSIBILITES
 RELATIVE (STANDARD) ACCESSIBILITIES READFOR  20 AMINO ACIDS
 SUMMED ACCESSIBILITIES OVER RESIDUES
